Zustand 5 enthält 1 Schiebe/Reduziere Konflikt.
Zustand 7 enthält 1 Schiebe/Reduziere Konflikt.
Zustand 15 enthält 1 Schiebe/Reduziere Konflikt.
Zustand 23 enthält 1 Schiebe/Reduziere Konflikt.
Zustand 29 enthält 1 Schiebe/Reduziere Konflikt.
Zustand 39 enthält 1 Schiebe/Reduziere Konflikt.

Grammatik
Regel 1    spec ->		/* leer */
Regel 2    spec -> spec item
Regel 3    item -> time
Regel 4    item -> time zone
Regel 5    item -> date
Regel 6    item -> rel
Regel 7    time -> tUNUMBER o_merid
Regel 8    time -> tUNUMBER ':' tUNUMBER o_merid
Regel 9    time -> tUNUMBER ':' tUNUMBER numzone
Regel 10   time -> tUNUMBER ':' tUNUMBER ':' tUNUMBER o_merid
Regel 11   time -> tUNUMBER ':' tUNUMBER ':' tUNUMBER numzone
Regel 12   zone -> tZONE
Regel 13   zone -> tDAYZONE
Regel 14   zone -> tZONE numzone
Regel 15   zone -> numzone
Regel 16   numzone -> tSNUMBER
Regel 17   date -> tUNUMBER '/' tUNUMBER
Regel 18   date -> tUNUMBER '/' tUNUMBER '/' tUNUMBER
Regel 19   date -> tMONTH tUNUMBER
Regel 20   date -> tMONTH tUNUMBER ',' tUNUMBER
Regel 21   date -> tUNUMBER tMONTH
Regel 22   date -> tUNUMBER tMONTH tUNUMBER
Regel 23   date -> tDAY ',' tUNUMBER tMONTH tUNUMBER
Regel 24   rel -> tSNUMBER tSEC_UNIT
Regel 25   rel -> tUNUMBER tSEC_UNIT
Regel 26   rel -> tSNUMBER tMONTH_UNIT
Regel 27   rel -> tUNUMBER tMONTH_UNIT
Regel 28   o_merid ->		/* leer */
Regel 29   o_merid -> tMERIDIAN

Terminale und die Regeln un denen sie verwendet werden

$ (-1)
',' (44) 20 23
'/' (47) 17 18
':' (58) 8 9 10 11
error (256)
tDAY (257) 23
tDAYZONE (258) 13
tMERIDIAN (259) 29
tMONTH (260) 19 20 21 22 23
tMONTH_UNIT (261) 26 27
tSEC_UNIT (262) 24 25
tSNUMBER (263) 16 24 26
tUNUMBER (264) 7 8 9 10 11 17 18 19 20 21 22 23 25 27
tZONE (265) 12 14

Nicht-Terminal und die Regeln in denen sie verwendet werden

spec (15)
    auf der linken Seite: 1 2, auf der rechten Seite: 2
item (16)
    auf der linken Seite: 3 4 5 6, auf der rechten Seite: 2
time (17)
    auf der linken Seite: 7 8 9 10 11, auf der rechten Seite: 3 4
zone (18)
    auf der linken Seite: 12 13 14 15, auf der rechten Seite: 4
numzone (19)
    auf der linken Seite: 16, auf der rechten Seite: 9 11 14 15
date (20)
    auf der linken Seite: 17 18 19 20 21 22 23, auf der rechten Seite:
    5
rel (21)
    auf der linken Seite: 24 25 26 27, auf der rechten Seite: 6
o_merid (22)
    auf der linken Seite: 28 29, auf der rechten Seite: 7 8 10


Zustand 0

    $default	reduziere mit Regel 1 (spec)

    spec	gehe zu Zustand 1 über



Zustand 1

    spec  ->  spec . item   (Regel 2)

    $   	gehe zu Zustand 43 über
    tDAY	Schiebe und gehe zu Zustand 2 über
    tMONTH	Schiebe und gehe zu Zustand 3 über
    tSNUMBER	Schiebe und gehe zu Zustand 4 über
    tUNUMBER	Schiebe und gehe zu Zustand 5 über

    item	gehe zu Zustand 6 über
    time	gehe zu Zustand 7 über
    date	gehe zu Zustand 8 über
    rel 	gehe zu Zustand 9 über



Zustand 2

    date  ->  tDAY . ',' tUNUMBER tMONTH tUNUMBER   (Regel 23)

    ',' 	Schiebe und gehe zu Zustand 10 über



Zustand 3

    date  ->  tMONTH . tUNUMBER   (Regel 19)
    date  ->  tMONTH . tUNUMBER ',' tUNUMBER   (Regel 20)

    tUNUMBER	Schiebe und gehe zu Zustand 11 über



Zustand 4

    rel  ->  tSNUMBER . tSEC_UNIT   (Regel 24)
    rel  ->  tSNUMBER . tMONTH_UNIT   (Regel 26)

    tMONTH_UNIT	Schiebe und gehe zu Zustand 12 über
    tSEC_UNIT	Schiebe und gehe zu Zustand 13 über



Zustand 5

    time  ->  tUNUMBER . o_merid   (Regel 7)
    time  ->  tUNUMBER . ':' tUNUMBER o_merid   (Regel 8)
    time  ->  tUNUMBER . ':' tUNUMBER numzone   (Regel 9)
    time  ->  tUNUMBER . ':' tUNUMBER ':' tUNUMBER o_merid   (Regel 10)
    time  ->  tUNUMBER . ':' tUNUMBER ':' tUNUMBER numzone   (Regel 11)
    date  ->  tUNUMBER . '/' tUNUMBER   (Regel 17)
    date  ->  tUNUMBER . '/' tUNUMBER '/' tUNUMBER   (Regel 18)
    date  ->  tUNUMBER . tMONTH   (Regel 21)
    date  ->  tUNUMBER . tMONTH tUNUMBER   (Regel 22)
    rel  ->  tUNUMBER . tSEC_UNIT   (Regel 25)
    rel  ->  tUNUMBER . tMONTH_UNIT   (Regel 27)

    tMERIDIAN	Schiebe und gehe zu Zustand 14 über
    tMONTH	Schiebe und gehe zu Zustand 15 über
    tMONTH_UNIT	Schiebe und gehe zu Zustand 16 über
    tSEC_UNIT	Schiebe und gehe zu Zustand 17 über
    ':' 	Schiebe und gehe zu Zustand 18 über
    '/' 	Schiebe und gehe zu Zustand 19 über

    tMONTH	[reduziere mit Regel 28 (o_merid)]
    $default	reduziere mit Regel 28 (o_merid)

    o_merid	gehe zu Zustand 20 über



Zustand 6

    spec  ->  spec item .   (Regel 2)

    $default	reduziere mit Regel 2 (spec)



Zustand 7

    item  ->  time .   (Regel 3)
    item  ->  time . zone   (Regel 4)

    tDAYZONE	Schiebe und gehe zu Zustand 21 über
    tSNUMBER	Schiebe und gehe zu Zustand 22 über
    tZONE	Schiebe und gehe zu Zustand 23 über

    tSNUMBER	[reduziere mit Regel 3 (item)]
    $default	reduziere mit Regel 3 (item)

    zone	gehe zu Zustand 24 über
    numzone	gehe zu Zustand 25 über



Zustand 8

    item  ->  date .   (Regel 5)

    $default	reduziere mit Regel 5 (item)



Zustand 9

    item  ->  rel .   (Regel 6)

    $default	reduziere mit Regel 6 (item)



Zustand 10

    date  ->  tDAY ',' . tUNUMBER tMONTH tUNUMBER   (Regel 23)

    tUNUMBER	Schiebe und gehe zu Zustand 26 über



Zustand 11

    date  ->  tMONTH tUNUMBER .   (Regel 19)
    date  ->  tMONTH tUNUMBER . ',' tUNUMBER   (Regel 20)

    ',' 	Schiebe und gehe zu Zustand 27 über

    $default	reduziere mit Regel 19 (date)



Zustand 12

    rel  ->  tSNUMBER tMONTH_UNIT .   (Regel 26)

    $default	reduziere mit Regel 26 (rel)



Zustand 13

    rel  ->  tSNUMBER tSEC_UNIT .   (Regel 24)

    $default	reduziere mit Regel 24 (rel)



Zustand 14

    o_merid  ->  tMERIDIAN .   (Regel 29)

    $default	reduziere mit Regel 29 (o_merid)



Zustand 15

    date  ->  tUNUMBER tMONTH .   (Regel 21)
    date  ->  tUNUMBER tMONTH . tUNUMBER   (Regel 22)

    tUNUMBER	Schiebe und gehe zu Zustand 28 über

    tUNUMBER	[reduziere mit Regel 21 (date)]
    $default	reduziere mit Regel 21 (date)



Zustand 16

    rel  ->  tUNUMBER tMONTH_UNIT .   (Regel 27)

    $default	reduziere mit Regel 27 (rel)



Zustand 17

    rel  ->  tUNUMBER tSEC_UNIT .   (Regel 25)

    $default	reduziere mit Regel 25 (rel)



Zustand 18

    time  ->  tUNUMBER ':' . tUNUMBER o_merid   (Regel 8)
    time  ->  tUNUMBER ':' . tUNUMBER numzone   (Regel 9)
    time  ->  tUNUMBER ':' . tUNUMBER ':' tUNUMBER o_merid   (Regel 10)
    time  ->  tUNUMBER ':' . tUNUMBER ':' tUNUMBER numzone   (Regel 11)

    tUNUMBER	Schiebe und gehe zu Zustand 29 über



Zustand 19

    date  ->  tUNUMBER '/' . tUNUMBER   (Regel 17)
    date  ->  tUNUMBER '/' . tUNUMBER '/' tUNUMBER   (Regel 18)

    tUNUMBER	Schiebe und gehe zu Zustand 30 über



Zustand 20

    time  ->  tUNUMBER o_merid .   (Regel 7)

    $default	reduziere mit Regel 7 (time)



Zustand 21

    zone  ->  tDAYZONE .   (Regel 13)

    $default	reduziere mit Regel 13 (zone)



Zustand 22

    numzone  ->  tSNUMBER .   (Regel 16)

    $default	reduziere mit Regel 16 (numzone)



Zustand 23

    zone  ->  tZONE .   (Regel 12)
    zone  ->  tZONE . numzone   (Regel 14)

    tSNUMBER	Schiebe und gehe zu Zustand 22 über

    tSNUMBER	[reduziere mit Regel 12 (zone)]
    $default	reduziere mit Regel 12 (zone)

    numzone	gehe zu Zustand 31 über



Zustand 24

    item  ->  time zone .   (Regel 4)

    $default	reduziere mit Regel 4 (item)



Zustand 25

    zone  ->  numzone .   (Regel 15)

    $default	reduziere mit Regel 15 (zone)



Zustand 26

    date  ->  tDAY ',' tUNUMBER . tMONTH tUNUMBER   (Regel 23)

    tMONTH	Schiebe und gehe zu Zustand 32 über



Zustand 27

    date  ->  tMONTH tUNUMBER ',' . tUNUMBER   (Regel 20)

    tUNUMBER	Schiebe und gehe zu Zustand 33 über



Zustand 28

    date  ->  tUNUMBER tMONTH tUNUMBER .   (Regel 22)

    $default	reduziere mit Regel 22 (date)



Zustand 29

    time  ->  tUNUMBER ':' tUNUMBER . o_merid   (Regel 8)
    time  ->  tUNUMBER ':' tUNUMBER . numzone   (Regel 9)
    time  ->  tUNUMBER ':' tUNUMBER . ':' tUNUMBER o_merid   (Regel 10)
    time  ->  tUNUMBER ':' tUNUMBER . ':' tUNUMBER numzone   (Regel 11)

    tMERIDIAN	Schiebe und gehe zu Zustand 14 über
    tSNUMBER	Schiebe und gehe zu Zustand 22 über
    ':' 	Schiebe und gehe zu Zustand 34 über

    tSNUMBER	[reduziere mit Regel 28 (o_merid)]
    $default	reduziere mit Regel 28 (o_merid)

    numzone	gehe zu Zustand 35 über
    o_merid	gehe zu Zustand 36 über



Zustand 30

    date  ->  tUNUMBER '/' tUNUMBER .   (Regel 17)
    date  ->  tUNUMBER '/' tUNUMBER . '/' tUNUMBER   (Regel 18)

    '/' 	Schiebe und gehe zu Zustand 37 über

    $default	reduziere mit Regel 17 (date)



Zustand 31

    zone  ->  tZONE numzone .   (Regel 14)

    $default	reduziere mit Regel 14 (zone)



Zustand 32

    date  ->  tDAY ',' tUNUMBER tMONTH . tUNUMBER   (Regel 23)

    tUNUMBER	Schiebe und gehe zu Zustand 38 über



Zustand 33

    date  ->  tMONTH tUNUMBER ',' tUNUMBER .   (Regel 20)

    $default	reduziere mit Regel 20 (date)



Zustand 34

    time  ->  tUNUMBER ':' tUNUMBER ':' . tUNUMBER o_merid   (Regel 10)
    time  ->  tUNUMBER ':' tUNUMBER ':' . tUNUMBER numzone   (Regel 11)

    tUNUMBER	Schiebe und gehe zu Zustand 39 über



Zustand 35

    time  ->  tUNUMBER ':' tUNUMBER numzone .   (Regel 9)

    $default	reduziere mit Regel 9 (time)



Zustand 36

    time  ->  tUNUMBER ':' tUNUMBER o_merid .   (Regel 8)

    $default	reduziere mit Regel 8 (time)



Zustand 37

    date  ->  tUNUMBER '/' tUNUMBER '/' . tUNUMBER   (Regel 18)

    tUNUMBER	Schiebe und gehe zu Zustand 40 über



Zustand 38

    date  ->  tDAY ',' tUNUMBER tMONTH tUNUMBER .   (Regel 23)

    $default	reduziere mit Regel 23 (date)



Zustand 39

    time  ->  tUNUMBER ':' tUNUMBER ':' tUNUMBER . o_merid   (Regel 10)
    time  ->  tUNUMBER ':' tUNUMBER ':' tUNUMBER . numzone   (Regel 11)

    tMERIDIAN	Schiebe und gehe zu Zustand 14 über
    tSNUMBER	Schiebe und gehe zu Zustand 22 über

    tSNUMBER	[reduziere mit Regel 28 (o_merid)]
    $default	reduziere mit Regel 28 (o_merid)

    numzone	gehe zu Zustand 41 über
    o_merid	gehe zu Zustand 42 über



Zustand 40

    date  ->  tUNUMBER '/' tUNUMBER '/' tUNUMBER .   (Regel 18)

    $default	reduziere mit Regel 18 (date)



Zustand 41

    time  ->  tUNUMBER ':' tUNUMBER ':' tUNUMBER numzone .   (Regel 11)

    $default	reduziere mit Regel 11 (time)



Zustand 42

    time  ->  tUNUMBER ':' tUNUMBER ':' tUNUMBER o_merid .   (Regel 10)

    $default	reduziere mit Regel 10 (time)



Zustand 43

    $   	gehe zu Zustand 44 über



Zustand 44

    $default	akzeptiere
